C:\USERS\ANAS A. ISMAIL\DOCUMENTS\VISUAL STUDIO 2010\PROJECTS\SECURITY PACKAGE\DEBUG\SECURITY PACKAGE.EXE
C:\USERS\ANAS A. ISMAIL\DOCUMENTS\VISUAL STUDIO 2010\PROJECTS\SECURITY PACKAGE\DEBUG\SECURITY PACKAGE.PDB
C:\Users\Anas A. Ismail\documents\visual studio 2010\Projects\Security Package\Security Package\Debug\cl.command.1.tlog
C:\Users\Anas A. Ismail\documents\visual studio 2010\Projects\Security Package\Security Package\Debug\CL.read.1.tlog
C:\Users\Anas A. Ismail\documents\visual studio 2010\Projects\Security Package\Security Package\Debug\CL.write.1.tlog
C:\Users\Anas A. Ismail\documents\visual studio 2010\Projects\Security Package\Security Package\Debug\link.command.1.tlog
C:\Users\Anas A. Ismail\documents\visual studio 2010\Projects\Security Package\Security Package\Debug\link.read.1.tlog
C:\Users\Anas A. Ismail\documents\visual studio 2010\Projects\Security Package\Security Package\Debug\link.write.1.tlog
C:\USERS\ANAS A. ISMAIL\DOCUMENTS\VISUAL STUDIO 2010\PROJECTS\SECURITY PACKAGE\SECURITY PACKAGE\DEBUG\MAIN.OBJ
C:\Users\Anas A. Ismail\documents\visual studio 2010\Projects\Security Package\Security Package\Debug\mt.command.1.tlog
C:\Users\Anas A. Ismail\documents\visual studio 2010\Projects\Security Package\Security Package\Debug\mt.read.1.tlog
C:\Users\Anas A. Ismail\documents\visual studio 2010\Projects\Security Package\Security Package\Debug\mt.write.1.tlog
C:\Users\Anas A. Ismail\documents\visual studio 2010\Projects\Security Package\Security Package\Debug\rc.command.1.tlog
C:\Users\Anas A. Ismail\documents\visual studio 2010\Projects\Security Package\Security Package\Debug\rc.read.1.tlog
C:\Users\Anas A. Ismail\documents\visual studio 2010\Projects\Security Package\Security Package\Debug\rc.write.1.tlog
C:\Users\Anas A. Ismail\documents\visual studio 2010\Projects\Security Package\Security Package\Debug\Security Package.exe.embed.manifest
C:\USERS\ANAS A. ISMAIL\DOCUMENTS\VISUAL STUDIO 2010\PROJECTS\SECURITY PACKAGE\SECURITY PACKAGE\DEBUG\SECURITY PACKAGE.EXE.EMBED.MANIFEST.RES
C:\USERS\ANAS A. ISMAIL\DOCUMENTS\VISUAL STUDIO 2010\PROJECTS\SECURITY PACKAGE\SECURITY PACKAGE\DEBUG\SECURITY PACKAGE.EXE.INTERMEDIATE.MANIFEST
C:\Users\Anas A. Ismail\documents\visual studio 2010\Projects\Security Package\Security Package\Debug\Security Package.vcxprojResolveAssemblyReference.cache
C:\Users\Anas A. Ismail\documents\visual studio 2010\Projects\Security Package\Security Package\Debug\Security Package.write.1.tlog
C:\Users\Anas A. Ismail\documents\visual studio 2010\Projects\Security Package\Security Package\Debug\Security Package_manifest.rc
C:\Users\Anas A. Ismail\documents\visual studio 2010\Projects\Security Package\Security Package\Debug\vc100.idb
C:\USERS\ANAS A. ISMAIL\DOCUMENTS\VISUAL STUDIO 2010\PROJECTS\SECURITY PACKAGE\SECURITY PACKAGE\DEBUG\VC100.PDB
